[2019-04-04 18:18:47] production.ERROR: PDOException: PDO::__construct(): The server requested authentication method unknown to the client [caching_sha2_password] in /home/nvadim/sites/did/vendor/illuminate/database/Connectors/Connector.php:70
Stack trace:
#0 /home/nvadim/sites/did/vendor/illuminate/database/Connectors/Connector.php(70): PDO->__construct('mysql:host=127....', 'forge', '', Array)
#1 /home/nvadim/sites/did/vendor/illuminate/database/Connectors/Connector.php(46): Illuminate\Database\Connectors\Connector->createPdoConnection('mysql:host=127....', 'forge', '', Array)
#2 /home/nvadim/sites/did/vendor/illuminate/database/Connectors/MySqlConnector.php(24): Illuminate\Database\Connectors\Connector->createConnection('mysql:host=127....', Array, Array)
#3 /home/nvadim/sites/did/vendor/illuminate/database/Connectors/ConnectionFactory.php(182): Illuminate\Database\Connectors\MySqlConnector->connect(Array)
#4 [internal function]: Illuminate\Database\Connectors\ConnectionFactory->Illuminate\Database\Connectors\{closure}()
#5 /home/nvadim/sites/did/vendor/illuminate/database/Connection.php(918): call_user_func(Object(Closure))
#6 /home/nvadim/sites/did/vendor/illuminate/database/Connection.php(943): Illuminate\Database\Connection->getPdo()
#7 /home/nvadim/sites/did/vendor/illuminate/database/Connection.php(399): Illuminate\Database\Connection->getReadPdo()
#8 /home/nvadim/sites/did/vendor/illuminate/database/Connection.php(325): Illuminate\Database\Connection->getPdoForSelect(true)
#9 /home/nvadim/sites/did/vendor/illuminate/database/Connection.php(657): Illuminate\Database\Connection->Illuminate\Database\{closure}('select * from i...', Array)
#10 /home/nvadim/sites/did/vendor/illuminate/database/Connection.php(624): Illuminate\Database\Connection->runQueryCallback('select * from i...', Array, Object(Closure))
#11 /home/nvadim/sites/did/vendor/illuminate/database/Connection.php(333): Illuminate\Database\Connection->run('select * from i...', Array, Object(Closure))
#12 /home/nvadim/sites/did/vendor/illuminate/database/Schema/MySqlBuilder.php(18): Illuminate\Database\Connection->select('select * from i...', Array)
#13 /home/nvadim/sites/did/vendor/illuminate/database/Migrations/DatabaseMigrationRepository.php(169): Illuminate\Database\Schema\MySqlBuilder->hasTable('migrations')
#14 /home/nvadim/sites/did/vendor/illuminate/database/Migrations/Migrator.php(556): Illuminate\Database\Migrations\DatabaseMigrationRepository->repositoryExists()
#15 /home/nvadim/sites/did/vendor/illuminate/database/Console/Migrations/MigrateCommand.php(91): Illuminate\Database\Migrations\Migrator->repositoryExists()
#16 /home/nvadim/sites/did/vendor/illuminate/database/Console/Migrations/MigrateCommand.php(63): Illuminate\Database\Console\Migrations\MigrateCommand->prepareDatabase()
#17 [internal function]: Illuminate\Database\Console\Migrations\MigrateCommand->handle()
#18 /home/nvadim/sites/did/vendor/illuminate/container/BoundMethod.php(32): call_user_func_array(Array, Array)
#19 /home/nvadim/sites/did/vendor/illuminate/container/BoundMethod.php(90): Illuminate\Container\BoundMethod::Illuminate\Container\{closure}()
#20 /home/nvadim/sites/did/vendor/illuminate/container/BoundMethod.php(34): Illuminate\Container\BoundMethod::callBoundMethod(Object(Laravel\Lumen\Application), Array, Object(Closure))
#21 /home/nvadim/sites/did/vendor/illuminate/container/Container.php(580): Illuminate\Container\BoundMethod::call(Object(Laravel\Lumen\Application), Array, Array, NULL)
#22 /home/nvadim/sites/did/vendor/illuminate/console/Command.php(183): Illuminate\Container\Container->call(Array)
#23 /home/nvadim/sites/did/vendor/symfony/console/Command/Command.php(255): Illuminate\Console\Command->execute(Object(Symfony\Component\Console\Input\ArgvInput), Object(Illuminate\Console\OutputStyle))
#24 /home/nvadim/sites/did/vendor/illuminate/console/Command.php(170): Symfony\Component\Console\Command\Command->run(Object(Symfony\Component\Console\Input\ArgvInput), Object(Illuminate\Console\OutputStyle))
#25 /home/nvadim/sites/did/vendor/symfony/console/Application.php(908): Illuminate\Console\Command->run(Object(Symfony\Component\Console\Input\ArgvInput), Object(Symfony\Component\Console\Output\ConsoleOutput))
#26 /home/nvadim/sites/did/vendor/symfony/console/Application.php(269): Symfony\Component\Console\Application->doRunCommand(Object(Illuminate\Database\Console\Migrations\MigrateCommand), Object(Symfony\Component\Console\Input\ArgvInput), Object(Symfony\Component\Console\Output\ConsoleOutput))
#27 /home/nvadim/sites/did/vendor/symfony/console/Application.php(145): Symfony\Component\Console\Application->doRun(Object(Symfony\Component\Console\Input\ArgvInput), Object(Symfony\Component\Console\Output\ConsoleOutput))
#28 /home/nvadim/sites/did/vendor/illuminate/console/Application.php(90): Symfony\Component\Console\Application->run(Object(Symfony\Component\Console\Input\ArgvInput), Object(Symfony\Component\Console\Output\ConsoleOutput))
#29 /home/nvadim/sites/did/vendor/laravel/lumen-framework/src/Console/Kernel.php(115): Illuminate\Console\Application->run(Object(Symfony\Component\Console\Input\ArgvInput), Object(Symfony\Component\Console\Output\ConsoleOutput))
#30 /home/nvadim/sites/did/artisan(35): Laravel\Lumen\Console\Kernel->handle(Object(Symfony\Component\Console\Input\ArgvInput), Object(Symfony\Component\Console\Output\ConsoleOutput))
#31 {main}

Next PDOException: SQLSTATE[HY000] [2054] The server requested authentication method unknown to the client in /home/nvadim/sites/did/vendor/illuminate/database/Connectors/Connector.php:70
Stack trace:
#0 /home/nvadim/sites/did/vendor/illuminate/database/Connectors/Connector.php(70): PDO->__construct('mysql:host=127....', 'forge', '', Array)
#1 /home/nvadim/sites/did/vendor/illuminate/database/Connectors/Connector.php(46): Illuminate\Database\Connectors\Connector->createPdoConnection('mysql:host=127....', 'forge', '', Array)
#2 /home/nvadim/sites/did/vendor/illuminate/database/Connectors/MySqlConnector.php(24): Illuminate\Database\Connectors\Connector->createConnection('mysql:host=127....', Array, Array)
#3 /home/nvadim/sites/did/vendor/illuminate/database/Connectors/ConnectionFactory.php(182): Illuminate\Database\Connectors\MySqlConnector->connect(Array)
#4 [internal function]: Illuminate\Database\Connectors\ConnectionFactory->Illuminate\Database\Connectors\{closure}()
#5 /home/nvadim/sites/did/vendor/illuminate/database/Connection.php(918): call_user_func(Object(Closure))
#6 /home/nvadim/sites/did/vendor/illuminate/database/Connection.php(943): Illuminate\Database\Connection->getPdo()
#7 /home/nvadim/sites/did/vendor/illuminate/database/Connection.php(399): Illuminate\Database\Connection->getReadPdo()
#8 /home/nvadim/sites/did/vendor/illuminate/database/Connection.php(325): Illuminate\Database\Connection->getPdoForSelect(true)
#9 /home/nvadim/sites/did/vendor/illuminate/database/Connection.php(657): Illuminate\Database\Connection->Illuminate\Database\{closure}('select * from i...', Array)
#10 /home/nvadim/sites/did/vendor/illuminate/database/Connection.php(624): Illuminate\Database\Connection->runQueryCallback('select * from i...', Array, Object(Closure))
#11 /home/nvadim/sites/did/vendor/illuminate/database/Connection.php(333): Illuminate\Database\Connection->run('select * from i...', Array, Object(Closure))
#12 /home/nvadim/sites/did/vendor/illuminate/database/Schema/MySqlBuilder.php(18): Illuminate\Database\Connection->select('select * from i...', Array)
#13 /home/nvadim/sites/did/vendor/illuminate/database/Migrations/DatabaseMigrationRepository.php(169): Illuminate\Database\Schema\MySqlBuilder->hasTable('migrations')
#14 /home/nvadim/sites/did/vendor/illuminate/database/Migrations/Migrator.php(556): Illuminate\Database\Migrations\DatabaseMigrationRepository->repositoryExists()
#15 /home/nvadim/sites/did/vendor/illuminate/database/Console/Migrations/MigrateCommand.php(91): Illuminate\Database\Migrations\Migrator->repositoryExists()
#16 /home/nvadim/sites/did/vendor/illuminate/database/Console/Migrations/MigrateCommand.php(63): Illuminate\Database\Console\Migrations\MigrateCommand->prepareDatabase()
#17 [internal function]: Illuminate\Database\Console\Migrations\MigrateCommand->handle()
#18 /home/nvadim/sites/did/vendor/illuminate/container/BoundMethod.php(32): call_user_func_array(Array, Array)
#19 /home/nvadim/sites/did/vendor/illuminate/container/BoundMethod.php(90): Illuminate\Container\BoundMethod::Illuminate\Container\{closure}()
#20 /home/nvadim/sites/did/vendor/illuminate/container/BoundMethod.php(34): Illuminate\Container\BoundMethod::callBoundMethod(Object(Laravel\Lumen\Application), Array, Object(Closure))
#21 /home/nvadim/sites/did/vendor/illuminate/container/Container.php(580): Illuminate\Container\BoundMethod::call(Object(Laravel\Lumen\Application), Array, Array, NULL)
#22 /home/nvadim/sites/did/vendor/illuminate/console/Command.php(183): Illuminate\Container\Container->call(Array)
#23 /home/nvadim/sites/did/vendor/symfony/console/Command/Command.php(255): Illuminate\Console\Command->execute(Object(Symfony\Component\Console\Input\ArgvInput), Object(Illuminate\Console\OutputStyle))
#24 /home/nvadim/sites/did/vendor/illuminate/console/Command.php(170): Symfony\Component\Console\Command\Command->run(Object(Symfony\Component\Console\Input\ArgvInput), Object(Illuminate\Console\OutputStyle))
#25 /home/nvadim/sites/did/vendor/symfony/console/Application.php(908): Illuminate\Console\Command->run(Object(Symfony\Component\Console\Input\ArgvInput), Object(Symfony\Component\Console\Output\ConsoleOutput))
#26 /home/nvadim/sites/did/vendor/symfony/console/Application.php(269): Symfony\Component\Console\Application->doRunCommand(Object(Illuminate\Database\Console\Migrations\MigrateCommand), Object(Symfony\Component\Console\Input\ArgvInput), Object(Symfony\Component\Console\Output\ConsoleOutput))
#27 /home/nvadim/sites/did/vendor/symfony/console/Application.php(145): Symfony\Component\Console\Application->doRun(Object(Symfony\Component\Console\Input\ArgvInput), Object(Symfony\Component\Console\Output\ConsoleOutput))
#28 /home/nvadim/sites/did/vendor/illuminate/console/Application.php(90): Symfony\Component\Console\Application->run(Object(Symfony\Component\Console\Input\ArgvInput), Object(Symfony\Component\Console\Output\ConsoleOutput))
#29 /home/nvadim/sites/did/vendor/laravel/lumen-framework/src/Console/Kernel.php(115): Illuminate\Console\Application->run(Object(Symfony\Component\Console\Input\ArgvInput), Object(Symfony\Component\Console\Output\ConsoleOutput))
#30 /home/nvadim/sites/did/artisan(35): Laravel\Lumen\Console\Kernel->handle(Object(Symfony\Component\Console\Input\ArgvInput), Object(Symfony\Component\Console\Output\ConsoleOutput))
#31 {main}

Next Illuminate\Database\QueryException: SQLSTATE[HY000] [2054] The server requested authentication method unknown to the client (SQL: select * from information_schema.tables where table_schema = forge and table_name = migrations) in /home/nvadim/sites/did/vendor/illuminate/database/Connection.php:664
Stack trace:
#0 /home/nvadim/sites/did/vendor/illuminate/database/Connection.php(624): Illuminate\Database\Connection->runQueryCallback('select * from i...', Array, Object(Closure))
#1 /home/nvadim/sites/did/vendor/illuminate/database/Connection.php(333): Illuminate\Database\Connection->run('select * from i...', Array, Object(Closure))
#2 /home/nvadim/sites/did/vendor/illuminate/database/Schema/MySqlBuilder.php(18): Illuminate\Database\Connection->select('select * from i...', Array)
#3 /home/nvadim/sites/did/vendor/illuminate/database/Migrations/DatabaseMigrationRepository.php(169): Illuminate\Database\Schema\MySqlBuilder->hasTable('migrations')
#4 /home/nvadim/sites/did/vendor/illuminate/database/Migrations/Migrator.php(556): Illuminate\Database\Migrations\DatabaseMigrationRepository->repositoryExists()
#5 /home/nvadim/sites/did/vendor/illuminate/database/Console/Migrations/MigrateCommand.php(91): Illuminate\Database\Migrations\Migrator->repositoryExists()
#6 /home/nvadim/sites/did/vendor/illuminate/database/Console/Migrations/MigrateCommand.php(63): Illuminate\Database\Console\Migrations\MigrateCommand->prepareDatabase()
#7 [internal function]: Illuminate\Database\Console\Migrations\MigrateCommand->handle()
#8 /home/nvadim/sites/did/vendor/illuminate/container/BoundMethod.php(32): call_user_func_array(Array, Array)
#9 /home/nvadim/sites/did/vendor/illuminate/container/BoundMethod.php(90): Illuminate\Container\BoundMethod::Illuminate\Container\{closure}()
#10 /home/nvadim/sites/did/vendor/illuminate/container/BoundMethod.php(34): Illuminate\Container\BoundMethod::callBoundMethod(Object(Laravel\Lumen\Application), Array, Object(Closure))
#11 /home/nvadim/sites/did/vendor/illuminate/container/Container.php(580): Illuminate\Container\BoundMethod::call(Object(Laravel\Lumen\Application), Array, Array, NULL)
#12 /home/nvadim/sites/did/vendor/illuminate/console/Command.php(183): Illuminate\Container\Container->call(Array)
#13 /home/nvadim/sites/did/vendor/symfony/console/Command/Command.php(255): Illuminate\Console\Command->execute(Object(Symfony\Component\Console\Input\ArgvInput), Object(Illuminate\Console\OutputStyle))
#14 /home/nvadim/sites/did/vendor/illuminate/console/Command.php(170): Symfony\Component\Console\Command\Command->run(Object(Symfony\Component\Console\Input\ArgvInput), Object(Illuminate\Console\OutputStyle))
#15 /home/nvadim/sites/did/vendor/symfony/console/Application.php(908): Illuminate\Console\Command->run(Object(Symfony\Component\Console\Input\ArgvInput), Object(Symfony\Component\Console\Output\ConsoleOutput))
#16 /home/nvadim/sites/did/vendor/symfony/console/Application.php(269): Symfony\Component\Console\Application->doRunCommand(Object(Illuminate\Database\Console\Migrations\MigrateCommand), Object(Symfony\Component\Console\Input\ArgvInput), Object(Symfony\Component\Console\Output\ConsoleOutput))
#17 /home/nvadim/sites/did/vendor/symfony/console/Application.php(145): Symfony\Component\Console\Application->doRun(Object(Symfony\Component\Console\Input\ArgvInput), Object(Symfony\Component\Console\Output\ConsoleOutput))
#18 /home/nvadim/sites/did/vendor/illuminate/console/Application.php(90): Symfony\Component\Console\Application->run(Object(Symfony\Component\Console\Input\ArgvInput), Object(Symfony\Component\Console\Output\ConsoleOutput))
#19 /home/nvadim/sites/did/vendor/laravel/lumen-framework/src/Console/Kernel.php(115): Illuminate\Console\Application->run(Object(Symfony\Component\Console\Input\ArgvInput), Object(Symfony\Component\Console\Output\ConsoleOutput))
#20 /home/nvadim/sites/did/artisan(35): Laravel\Lumen\Console\Kernel->handle(Object(Symfony\Component\Console\Input\ArgvInput), Object(Symfony\Component\Console\Output\ConsoleOutput))
#21 {main} {"exception":"[object] (Illuminate\\Database\\QueryException(code: 2054): SQLSTATE[HY000] [2054] The server requested authentication method unknown to the client (SQL: select * from information_schema.tables where table_schema = forge and table_name = migrations) at /home/nvadim/sites/did/vendor/illuminate/database/Connection.php:664, PDOException(code: 2054): SQLSTATE[HY000] [2054] The server requested authentication method unknown to the client at /home/nvadim/sites/did/vendor/illuminate/database/Connectors/Connector.php:70, PDOException(code: 0): PDO::__construct(): The server requested authentication method unknown to the client [caching_sha2_password] at /home/nvadim/sites/did/vendor/illuminate/database/Connectors/Connector.php:70)
[stacktrace]
#0 /home/nvadim/sites/did/vendor/illuminate/database/Connection.php(624): Illuminate\\Database\\Connection->runQueryCallback('select * from i...', Array, Object(Closure))
#1 /home/nvadim/sites/did/vendor/illuminate/database/Connection.php(333): Illuminate\\Database\\Connection->run('select * from i...', Array, Object(Closure))
#2 /home/nvadim/sites/did/vendor/illuminate/database/Schema/MySqlBuilder.php(18): Illuminate\\Database\\Connection->select('select * from i...', Array)
#3 /home/nvadim/sites/did/vendor/illuminate/database/Migrations/DatabaseMigrationRepository.php(169): Illuminate\\Database\\Schema\\MySqlBuilder->hasTable('migrations')
#4 /home/nvadim/sites/did/vendor/illuminate/database/Migrations/Migrator.php(556): Illuminate\\Database\\Migrations\\DatabaseMigrationRepository->repositoryExists()
#5 /home/nvadim/sites/did/vendor/illuminate/database/Console/Migrations/MigrateCommand.php(91): Illuminate\\Database\\Migrations\\Migrator->repositoryExists()
#6 /home/nvadim/sites/did/vendor/illuminate/database/Console/Migrations/MigrateCommand.php(63): Illuminate\\Database\\Console\\Migrations\\MigrateCommand->prepareDatabase()
#7 [internal function]: Illuminate\\Database\\Console\\Migrations\\MigrateCommand->handle()
#8 /home/nvadim/sites/did/vendor/illuminate/container/BoundMethod.php(32): call_user_func_array(Array, Array)
#9 /home/nvadim/sites/did/vendor/illuminate/container/BoundMethod.php(90): Illuminate\\Container\\BoundMethod::Illuminate\\Container\\{closure}()
#10 /home/nvadim/sites/did/vendor/illuminate/container/BoundMethod.php(34): Illuminate\\Container\\BoundMethod::callBoundMethod(Object(Laravel\\Lumen\\Application), Array, Object(Closure))
#11 /home/nvadim/sites/did/vendor/illuminate/container/Container.php(580): Illuminate\\Container\\BoundMethod::call(Object(Laravel\\Lumen\\Application), Array, Array, NULL)
#12 /home/nvadim/sites/did/vendor/illuminate/console/Command.php(183): Illuminate\\Container\\Container->call(Array)
#13 /home/nvadim/sites/did/vendor/symfony/console/Command/Command.php(255): Illuminate\\Console\\Command->execute(Object(Symfony\\Component\\Console\\Input\\ArgvInput), Object(Illuminate\\Console\\OutputStyle))
#14 /home/nvadim/sites/did/vendor/illuminate/console/Command.php(170): Symfony\\Component\\Console\\Command\\Command->run(Object(Symfony\\Component\\Console\\Input\\ArgvInput), Object(Illuminate\\Console\\OutputStyle))
#15 /home/nvadim/sites/did/vendor/symfony/console/Application.php(908): Illuminate\\Console\\Command->run(Object(Symfony\\Component\\Console\\Input\\ArgvInput), Object(Symfony\\Component\\Console\\Output\\ConsoleOutput))
#16 /home/nvadim/sites/did/vendor/symfony/console/Application.php(269): Symfony\\Component\\Console\\Application->doRunCommand(Object(Illuminate\\Database\\Console\\Migrations\\MigrateCommand), Object(Symfony\\Component\\Console\\Input\\ArgvInput), Object(Symfony\\Component\\Console\\Output\\ConsoleOutput))
#17 /home/nvadim/sites/did/vendor/symfony/console/Application.php(145): Symfony\\Component\\Console\\Application->doRun(Object(Symfony\\Component\\Console\\Input\\ArgvInput), Object(Symfony\\Component\\Console\\Output\\ConsoleOutput))
#18 /home/nvadim/sites/did/vendor/illuminate/console/Application.php(90): Symfony\\Component\\Console\\Application->run(Object(Symfony\\Component\\Console\\Input\\ArgvInput), Object(Symfony\\Component\\Console\\Output\\ConsoleOutput))
#19 /home/nvadim/sites/did/vendor/laravel/lumen-framework/src/Console/Kernel.php(115): Illuminate\\Console\\Application->run(Object(Symfony\\Component\\Console\\Input\\ArgvInput), Object(Symfony\\Component\\Console\\Output\\ConsoleOutput))
#20 /home/nvadim/sites/did/artisan(35): Laravel\\Lumen\\Console\\Kernel->handle(Object(Symfony\\Component\\Console\\Input\\ArgvInput), Object(Symfony\\Component\\Console\\Output\\ConsoleOutput))
#21 {main}
"} 
